<?xml version="1.0" encoding="UTF-8"?>
<!-- Generated by org.testng.reporters.JUnitXMLReporter -->
<testsuite ignored="1" hostname="pixbit" failures="1" tests="1" name="Test" time="10.111" errors="0" timestamp="2023-03-27T17:50:22 IST">
  <testcase classname="mortgageleadtestfiles.LeadStatusChange" name="leadAssigneVerification" time="4.336">
    <failure type="org.openqa.selenium.InvalidArgumentException" message="invalid argument: File not found : D:\Eclipse_Automation\test files\mortgage_lead.xlsx
  (Session info: MicrosoftEdge=111.0.1661.54)
Build info: version: &amp;apos;4.8.0&amp;apos;, revision: &amp;apos;267030adea&amp;apos;
System info: os.name: &amp;apos;Windows 11&amp;apos;, os.arch: &amp;apos;amd64&amp;apos;, os.version: &amp;apos;10.0&amp;apos;, java.version: &amp;apos;17.0.5&amp;apos;
Driver info: org.openqa.selenium.edge.EdgeDriver
Command: [ded1d1ae437ba3e1e5eecb96d1798f4d, sendKeysToElement {id=48b04ba8-16cf-44a8-a6a6-975f02623dca, value=[Ljava.lang.CharSequence;@7be1ce6a}]
Capabilities {acceptInsecureCerts: false, browserName: msedge, browserVersion: 111.0.1661.54, ms:edgeOptions: {debuggerAddress: localhost:51276}, msedge: {msedgedriverVersion: 111.0.1661.54 (9e410ec23a36..., userDataDir: C:\Users\VISHNU~1\AppData\L...}, networkConnectionEnabled: false, pageLoadStrategy: normal, platformName: WINDOWS, proxy: Proxy(), se:cdp: ws://localhost:51276/devtoo..., se:cdpVersion: 111.0.1661.54, setWindowRect: true, strictFileInteractability: false, timeouts: {implicit: 0, pageLoad: 300000, script: 30000}, unhandledPromptBehavior: dismiss and notify, webauthn:extension:credBlob: true, webauthn:extension:largeBlob: true, webauthn:extension:minPinLength: true, webauthn:extension:prf: true, webauthn:virtualAuthenticators: true}
Element: [[EdgeDriver: msedge on WINDOWS (ded1d1ae437ba3e1e5eecb96d1798f4d)] -&amp;gt; xpath: //input[@type=&amp;apos;file&amp;apos;]]
Session ID: ded1d1ae437ba3e1e5eecb96d1798f4d">
      <![CDATA[org.openqa.selenium.InvalidArgumentException: invalid argument: File not found : D:\Eclipse_Automation\test files\mortgage_lead.xlsx
  (Session info: MicrosoftEdge=111.0.1661.54)
Build info: version: '4.8.0', revision: '267030adea'
System info: os.name: 'Windows 11', os.arch: 'amd64', os.version: '10.0', java.version: '17.0.5'
Driver info: org.openqa.selenium.edge.EdgeDriver
Command: [ded1d1ae437ba3e1e5eecb96d1798f4d, sendKeysToElement {id=48b04ba8-16cf-44a8-a6a6-975f02623dca, value=[Ljava.lang.CharSequence;@7be1ce6a}]
Capabilities {acceptInsecureCerts: false, browserName: msedge, browserVersion: 111.0.1661.54, ms:edgeOptions: {debuggerAddress: localhost:51276}, msedge: {msedgedriverVersion: 111.0.1661.54 (9e410ec23a36..., userDataDir: C:\Users\VISHNU~1\AppData\L...}, networkConnectionEnabled: false, pageLoadStrategy: normal, platformName: WINDOWS, proxy: Proxy(), se:cdp: ws://localhost:51276/devtoo..., se:cdpVersion: 111.0.1661.54, setWindowRect: true, strictFileInteractability: false, timeouts: {implicit: 0, pageLoad: 300000, script: 30000}, unhandledPromptBehavior: dismiss and notify, webauthn:extension:credBlob: true, webauthn:extension:largeBlob: true, webauthn:extension:minPinLength: true, webauthn:extension:prf: true, webauthn:virtualAuthenticators: true}
Element: [[EdgeDriver: msedge on WINDOWS (ded1d1ae437ba3e1e5eecb96d1798f4d)] -> xpath: //input[@type='file']]
Session ID: ded1d1ae437ba3e1e5eecb96d1798f4d
at org.openqa.selenium.remote.codec.w3c.W3CHttpResponseCodec.createException(W3CHttpResponseCodec.java:200)
at org.openqa.selenium.remote.codec.w3c.W3CHttpResponseCodec.decode(W3CHttpResponseCodec.java:133)
at org.openqa.selenium.remote.codec.w3c.W3CHttpResponseCodec.decode(W3CHttpResponseCodec.java:53)
at org.openqa.selenium.remote.HttpCommandExecutor.execute(HttpCommandExecutor.java:184)
at org.openqa.selenium.remote.service.DriverCommandExecutor.invokeExecute(DriverCommandExecutor.java:167)
at org.openqa.selenium.remote.service.DriverCommandExecutor.execute(DriverCommandExecutor.java:142)
at org.openqa.selenium.remote.RemoteWebDriver.execute(RemoteWebDriver.java:543)
at org.openqa.selenium.remote.RemoteWebElement.execute(RemoteWebElement.java:257)
at org.openqa.selenium.remote.RemoteWebElement.sendKeys(RemoteWebElement.java:113)
at org.openqa.selenium.support.pagefactory.internal.LocatingElementHandler.invoke(LocatingElementHandler.java:52)
at jdk.proxy2/jdk.proxy2.$Proxy17.sendKeys(Unknown Source)
at adminsidepageobject.MortgageLead.importLead(MortgageLead.java:35)
at mortgageleadtestfiles.LeadStatusChange.leadAssigneVerification(LeadStatusChange.java:43)
at java.base/java.util.ArrayList.forEach(ArrayList.java:1511)
... Removed 36 stack frames]]>
    </failure>
  </testcase> <!-- leadAssigneVerification -->
  <testcase classname="mortgageleadtestfiles.LeadStatusChange" name="importLeadstatuschange" time="0.0">
    <ignored/>
  </testcase> <!-- importLeadstatuschange -->
</testsuite> <!-- Test -->
